<?xml version="1.0" encoding="UTF-8"?>
<robot generator="Robot 7.1 (Python 3.12.6 on darwin)" generated="2024-09-20T12:50:58.318475" rpa="false" schemaversion="5">
<suite id="s1" name="Check Status" source="/Users/apple/PycharmProjects/AutomatedBot/Robotics/Tests/google/functionaltestsuite/automated_login_for_github/check_status.robot">
<test id="s1-t1" name="Open Browser, Visit Dashboard, and Check Status" line="12">
<kw name="Open Browser Using Library">
<kw name="Open Browser" owner="CheckStatusLibrary">
<msg time="2024-09-20T12:50:58.465860" level="INFO">====== WebDriver manager ======</msg>
<msg time="2024-09-20T12:50:58.623354" level="INFO">Get LATEST chromedriver version for google-chrome</msg>
<msg time="2024-09-20T12:50:59.151699" level="INFO">Get LATEST chromedriver version for google-chrome</msg>
<msg time="2024-09-20T12:51:01.707511" level="INFO">Driver [/Users/apple/.wdm/drivers/chromedriver/mac64/128.0.6613.137/chromedriver-mac-arm64/chromedriver] found in cache</msg>
<arg>${url}</arg>
<doc>Open a browser and navigate to the given URL.</doc>
<status status="PASS" start="2024-09-20T12:50:58.465742" elapsed="7.856561"/>
</kw>
<arg>${URL}</arg>
<status status="PASS" start="2024-09-20T12:50:58.465566" elapsed="7.857877"/>
</kw>
<kw name="Check Status Using Library">
<kw name="Check Status" owner="CheckStatusLibrary">
<msg time="2024-09-20T12:51:06.395843" level="INFO">User ID: 1, Username: abdullah, Email: abc@gmail.com, Status: Pending</msg>
<msg time="2024-09-20T12:51:06.395956" level="INFO">${status} = Not Approved</msg>
<var>${status}</var>
<doc>Check the status from the user management dashboard and return the status message.</doc>
<status status="PASS" start="2024-09-20T12:51:06.325235" elapsed="0.070738"/>
</kw>
<return>
<value>${status}</value>
<status status="PASS" start="2024-09-20T12:51:06.396065" elapsed="0.000139"/>
</return>
<msg time="2024-09-20T12:51:06.396322" level="INFO">${status} = Not Approved</msg>
<var>${status}</var>
<status status="PASS" start="2024-09-20T12:51:06.324485" elapsed="0.071851"/>
</kw>
<kw name="Log To Console" owner="BuiltIn">
<arg>The status is: ${status}</arg>
<doc>Logs the given message to the console.</doc>
<status status="PASS" start="2024-09-20T12:51:06.396812" elapsed="0.000178"/>
</kw>
<kw name="No Operation" owner="BuiltIn" type="TEARDOWN">
<doc>Does absolutely nothing.</doc>
<status status="PASS" start="2024-09-20T12:51:06.397137" elapsed="0.000062"/>
</kw>
<doc>Open browser, visit dashboard, and use the custom Python library to check the status.</doc>
<status status="PASS" start="2024-09-20T12:50:58.465211" elapsed="7.932041"/>
</test>
<kw name="No Operation" owner="BuiltIn" type="TEARDOWN">
<doc>Does absolutely nothing.</doc>
<status status="PASS" start="2024-09-20T12:51:06.454456" elapsed="0.000096"/>
</kw>
<status status="PASS" start="2024-09-20T12:50:58.319187" elapsed="8.135405"/>
</suite>
<statistics>
<total>
<stat pass="1" fail="0" skip="0">All Tests</stat>
</total>
<tag>
</tag>
<suite>
<stat pass="1" fail="0" skip="0" id="s1" name="Check Status">Check Status</stat>
</suite>
</statistics>
<errors>
</errors>
</robot>
